2020-10-08 01:14:04.633  INFO 29764 --- [Thread-49] j.LocalContainerEntityManagerFactoryBean : Closing JPA EntityManagerFactory for persistence unit 'default'
2020-10-08 01:14:06.701  INFO 29764 --- [Thread-49] o.s.s.concurrent.ThreadPoolTaskExecutor  : Shutting down ExecutorService 'applicationTaskExecutor'
2020-10-08 01:14:06.839  INFO 29764 --- [Thread-49] com.zaxxer.hikari.HikariDataSource       : HikariPool-10 - Shutdown initiated...
2020-10-08 01:14:06.961  INFO 29764 --- [Thread-49] com.zaxxer.hikari.HikariDataSource       : HikariPool-10 - Shutdown completed.
2020-10-08 01:14:13.319  INFO 29764 --- [restartedMain] o.s.boot.SpringApplication               : 
  .   ____          _            __ _ _
 /\\ / ___'_ __ _ _(_)_ __  __ _ \ \ \ \
( ( )\___ | '_ | '_| | '_ \/ _` | \ \ \ \
 \\/  ___)| |_)| | | | | || (_| |  ) ) ) )
  '  |____| .__|_| |_|_| |_\__, | / / / /
 =========|_|==============|___/=/_/_/_/
[32m :: Spring Boot :: [39m      [2m (v2.3.3.RELEASE)[0;39m


2020-10-08 01:14:13.528  INFO 29764 --- [restartedMain] mm.com.dat.ses.SesApplication            : Starting SesApplication on C01-DAT0166 with PID 29764 (C:\Users\25-00149\Documents\GitHub\StaffEvaluation\ses\target\classes started by 25-00149 in C:\Users\25-00149\Documents\GitHub\StaffEvaluation\ses)
2020-10-08 01:14:13.528  INFO 29764 --- [restartedMain] mm.com.dat.ses.SesApplication            : No active profile set, falling back to default profiles: default
2020-10-08 01:14:16.211  INFO 29764 --- [restartedMain] .s.d.r.c.RepositoryConfigurationDelegate : Bootstrapping Spring Data JPA repositories in DEFERRED mode.
2020-10-08 01:14:16.513  INFO 29764 --- [restartedMain] .s.d.r.c.RepositoryConfigurationDelegate : Finished Spring Data repository scanning in 301ms. Found 3 JPA repository interfaces.
2020-10-08 01:14:19.132  INFO 29764 --- [restartedMain] o.s.b.w.embedded.tomcat.TomcatWebServer  : Tomcat initialized with port(s): 8080 (http)
2020-10-08 01:14:19.134  INFO 29764 --- [restartedMain] o.apache.catalina.core.StandardService   : Starting service [Tomcat]
2020-10-08 01:14:19.135  INFO 29764 --- [restartedMain] org.apache.catalina.core.StandardEngine  : Starting Servlet engine: [Apache Tomcat/9.0.37]
2020-10-08 01:14:19.220  INFO 29764 --- [restartedMain] o.a.c.c.C.[Tomcat-2].[localhost].[/]     : Initializing Spring embedded WebApplicationContext
2020-10-08 01:14:19.220  INFO 29764 --- [restartedMain] w.s.c.ServletWebServerApplicationContext : Root WebApplicationContext: initialization completed in 5627 ms
2020-10-08 01:14:19.431  INFO 29764 --- [restartedMain] o.s.s.concurrent.ThreadPoolTaskExecutor  : Initializing ExecutorService 'applicationTaskExecutor'
2020-10-08 01:14:19.452  INFO 29764 --- [task-1] o.hibernate.jpa.internal.util.LogHelper  : HHH000204: Processing PersistenceUnitInfo [name: default]
2020-10-08 01:14:19.525  INFO 29764 --- [task-1] com.zaxxer.hikari.HikariDataSource       : HikariPool-11 - Starting...
2020-10-08 01:14:19.746  INFO 29764 --- [task-1] com.zaxxer.hikari.HikariDataSource       : HikariPool-11 - Start completed.
2020-10-08 01:14:19.747  INFO 29764 --- [task-1] org.hibernate.dialect.Dialect            : HHH000400: Using dialect: org.hibernate.dialect.PostgreSQLDialect
2020-10-08 01:14:22.829  INFO 29764 --- [task-1] o.h.e.t.j.p.i.JtaPlatformInitiator       : HHH000490: Using JtaPlatform implementation: [org.hibernate.engine.transaction.jta.platform.internal.NoJtaPlatform]
2020-10-08 01:14:22.829  INFO 29764 --- [task-1] j.LocalContainerEntityManagerFactoryBean : Initialized JPA EntityManagerFactory for persistence unit 'default'
2020-10-08 01:14:22.893  INFO 29764 --- [task-2] o.s.b.d.a.OptionalLiveReloadServer       : LiveReload server is running on port 35729
2020-10-08 01:14:22.939  WARN 29764 --- [restartedMain] JpaBaseConfiguration$JpaWebConfiguration : spring.jpa.open-in-view is enabled by default. Therefore, database queries may be performed during view rendering. Explicitly configure spring.jpa.open-in-view to disable this warning
2020-10-08 01:14:23.235  INFO 29764 --- [restartedMain] o.s.b.a.e.web.EndpointLinksResolver      : Exposing 2 endpoint(s) beneath base path '/actuator'
2020-10-08 01:14:23.253  INFO 29764 --- [restartedMain] o.s.b.w.embedded.tomcat.TomcatWebServer  : Tomcat started on port(s): 8080 (http) with context path ''
2020-10-08 01:14:23.254  INFO 29764 --- [restartedMain] DeferredRepositoryInitializationListener : Triggering deferred initialization of Spring Data repositories…
2020-10-08 01:14:23.275  INFO 29764 --- [restartedMain] DeferredRepositoryInitializationListener : Spring Data repositories initialized!
2020-10-08 01:14:23.283  INFO 29764 --- [restartedMain] mm.com.dat.ses.SesApplication            : Started SesApplication in 10.54 seconds (JVM running for 162772.736)
2020-10-08 01:14:23.285  INFO 29764 --- [restartedMain] .ConditionEvaluationDeltaLoggingListener : Condition evaluation unchanged
2020-10-08 01:15:09.265  INFO 29764 --- [Thread-63] j.LocalContainerEntityManagerFactoryBean : Closing JPA EntityManagerFactory for persistence unit 'default'
2020-10-08 01:15:09.266  INFO 29764 --- [Thread-63] o.s.s.concurrent.ThreadPoolTaskExecutor  : Shutting down ExecutorService 'applicationTaskExecutor'
2020-10-08 01:15:09.266  INFO 29764 --- [Thread-63] com.zaxxer.hikari.HikariDataSource       : HikariPool-11 - Shutdown initiated...
2020-10-08 01:15:09.268  INFO 29764 --- [Thread-63] com.zaxxer.hikari.HikariDataSource       : HikariPool-11 - Shutdown completed.
2020-10-08 01:15:09.561  INFO 29764 --- [restartedMain] o.s.boot.SpringApplication               : 
  .   ____          _            __ _ _
 /\\ / ___'_ __ _ _(_)_ __  __ _ \ \ \ \
( ( )\___ | '_ | '_| | '_ \/ _` | \ \ \ \
 \\/  ___)| |_)| | | | | || (_| |  ) ) ) )
  '  |____| .__|_| |_|_| |_\__, | / / / /
 =========|_|==============|___/=/_/_/_/
[32m :: Spring Boot :: [39m      [2m (v2.3.3.RELEASE)[0;39m


2020-10-08 01:15:09.564  INFO 29764 --- [restartedMain] mm.com.dat.ses.SesApplication            : Starting SesApplication on C01-DAT0166 with PID 29764 (C:\Users\25-00149\Documents\GitHub\StaffEvaluation\ses\target\classes started by 25-00149 in C:\Users\25-00149\Documents\GitHub\StaffEvaluation\ses)
2020-10-08 01:15:09.564  INFO 29764 --- [restartedMain] mm.com.dat.ses.SesApplication            : No active profile set, falling back to default profiles: default
2020-10-08 01:15:09.929  INFO 29764 --- [restartedMain] .s.d.r.c.RepositoryConfigurationDelegate : Bootstrapping Spring Data JPA repositories in DEFERRED mode.
2020-10-08 01:15:09.980  INFO 29764 --- [restartedMain] .s.d.r.c.RepositoryConfigurationDelegate : Finished Spring Data repository scanning in 51ms. Found 3 JPA repository interfaces.
2020-10-08 01:15:10.107  INFO 29764 --- [restartedMain] o.s.b.w.embedded.tomcat.TomcatWebServer  : Tomcat initialized with port(s): 8080 (http)
2020-10-08 01:15:10.107  INFO 29764 --- [restartedMain] o.apache.catalina.core.StandardService   : Starting service [Tomcat]
2020-10-08 01:15:10.108  INFO 29764 --- [restartedMain] org.apache.catalina.core.StandardEngine  : Starting Servlet engine: [Apache Tomcat/9.0.37]
2020-10-08 01:15:10.120  INFO 29764 --- [restartedMain] o.a.c.c.C.[Tomcat-2].[localhost].[/]     : Initializing Spring embedded WebApplicationContext
2020-10-08 01:15:10.120  INFO 29764 --- [restartedMain] w.s.c.ServletWebServerApplicationContext : Root WebApplicationContext: initialization completed in 554 ms
2020-10-08 01:15:10.187  INFO 29764 --- [restartedMain] o.s.s.concurrent.ThreadPoolTaskExecutor  : Initializing ExecutorService 'applicationTaskExecutor'
2020-10-08 01:15:10.205  INFO 29764 --- [task-1] o.hibernate.jpa.internal.util.LogHelper  : HHH000204: Processing PersistenceUnitInfo [name: default]
2020-10-08 01:15:10.222  INFO 29764 --- [task-1] com.zaxxer.hikari.HikariDataSource       : HikariPool-12 - Starting...
2020-10-08 01:15:10.255  INFO 29764 --- [task-1] com.zaxxer.hikari.HikariDataSource       : HikariPool-12 - Start completed.
2020-10-08 01:15:10.255  INFO 29764 --- [task-1] org.hibernate.dialect.Dialect            : HHH000400: Using dialect: org.hibernate.dialect.PostgreSQLDialect
2020-10-08 01:15:11.216  INFO 29764 --- [task-1] o.h.e.t.j.p.i.JtaPlatformInitiator       : HHH000490: Using JtaPlatform implementation: [org.hibernate.engine.transaction.jta.platform.internal.NoJtaPlatform]
2020-10-08 01:15:11.216  INFO 29764 --- [task-1] j.LocalContainerEntityManagerFactoryBean : Initialized JPA EntityManagerFactory for persistence unit 'default'
2020-10-08 01:15:11.250  INFO 29764 --- [task-2] o.s.b.d.a.OptionalLiveReloadServer       : LiveReload server is running on port 35729
2020-10-08 01:15:11.268  WARN 29764 --- [restartedMain] JpaBaseConfiguration$JpaWebConfiguration : spring.jpa.open-in-view is enabled by default. Therefore, database queries may be performed during view rendering. Explicitly configure spring.jpa.open-in-view to disable this warning
2020-10-08 01:15:11.466  INFO 29764 --- [restartedMain] o.s.b.a.e.web.EndpointLinksResolver      : Exposing 2 endpoint(s) beneath base path '/actuator'
2020-10-08 01:15:11.496  INFO 29764 --- [restartedMain] o.s.b.w.embedded.tomcat.TomcatWebServer  : Tomcat started on port(s): 8080 (http) with context path ''
2020-10-08 01:15:11.497  INFO 29764 --- [restartedMain] DeferredRepositoryInitializationListener : Triggering deferred initialization of Spring Data repositories…
2020-10-08 01:15:11.516  INFO 29764 --- [restartedMain] DeferredRepositoryInitializationListener : Spring Data repositories initialized!
2020-10-08 01:15:11.523  INFO 29764 --- [restartedMain] mm.com.dat.ses.SesApplication            : Started SesApplication in 1.985 seconds (JVM running for 162820.976)
2020-10-08 01:15:11.524  INFO 29764 --- [restartedMain] .ConditionEvaluationDeltaLoggingListener : Condition evaluation unchanged
2020-10-08 01:16:33.093  INFO 29764 --- [Thread-69] j.LocalContainerEntityManagerFactoryBean : Closing JPA EntityManagerFactory for persistence unit 'default'
2020-10-08 01:16:33.094  INFO 29764 --- [Thread-69] o.s.s.concurrent.ThreadPoolTaskExecutor  : Shutting down ExecutorService 'applicationTaskExecutor'
2020-10-08 01:16:33.094  INFO 29764 --- [Thread-69] com.zaxxer.hikari.HikariDataSource       : HikariPool-12 - Shutdown initiated...
2020-10-08 01:16:33.096  INFO 29764 --- [Thread-69] com.zaxxer.hikari.HikariDataSource       : HikariPool-12 - Shutdown completed.
2020-10-08 01:16:33.289  INFO 29764 --- [restartedMain] o.s.boot.SpringApplication               : 
  .   ____          _            __ _ _
 /\\ / ___'_ __ _ _(_)_ __  __ _ \ \ \ \
( ( )\___ | '_ | '_| | '_ \/ _` | \ \ \ \
 \\/  ___)| |_)| | | | | || (_| |  ) ) ) )
  '  |____| .__|_| |_|_| |_\__, | / / / /
 =========|_|==============|___/=/_/_/_/
[32m :: Spring Boot :: [39m      [2m (v2.3.3.RELEASE)[0;39m


2020-10-08 01:16:33.293  INFO 29764 --- [restartedMain] mm.com.dat.ses.SesApplication            : Starting SesApplication on C01-DAT0166 with PID 29764 (C:\Users\25-00149\Documents\GitHub\StaffEvaluation\ses\target\classes started by 25-00149 in C:\Users\25-00149\Documents\GitHub\StaffEvaluation\ses)
2020-10-08 01:16:33.293  INFO 29764 --- [restartedMain] mm.com.dat.ses.SesApplication            : No active profile set, falling back to default profiles: default
2020-10-08 01:16:33.708  INFO 29764 --- [restartedMain] .s.d.r.c.RepositoryConfigurationDelegate : Bootstrapping Spring Data JPA repositories in DEFERRED mode.
2020-10-08 01:16:33.742  INFO 29764 --- [restartedMain] .s.d.r.c.RepositoryConfigurationDelegate : Finished Spring Data repository scanning in 34ms. Found 3 JPA repository interfaces.
2020-10-08 01:16:33.879  INFO 29764 --- [restartedMain] o.s.b.w.embedded.tomcat.TomcatWebServer  : Tomcat initialized with port(s): 8080 (http)
2020-10-08 01:16:33.879  INFO 29764 --- [restartedMain] o.apache.catalina.core.StandardService   : Starting service [Tomcat]
2020-10-08 01:16:33.880  INFO 29764 --- [restartedMain] org.apache.catalina.core.StandardEngine  : Starting Servlet engine: [Apache Tomcat/9.0.37]
2020-10-08 01:16:33.904  INFO 29764 --- [restartedMain] o.a.c.c.C.[Tomcat-2].[localhost].[/]     : Initializing Spring embedded WebApplicationContext
2020-10-08 01:16:33.904  INFO 29764 --- [restartedMain] w.s.c.ServletWebServerApplicationContext : Root WebApplicationContext: initialization completed in 609 ms
2020-10-08 01:16:33.979  INFO 29764 --- [restartedMain] o.s.s.concurrent.ThreadPoolTaskExecutor  : Initializing ExecutorService 'applicationTaskExecutor'
2020-10-08 01:16:33.998  INFO 29764 --- [task-1] o.hibernate.jpa.internal.util.LogHelper  : HHH000204: Processing PersistenceUnitInfo [name: default]
2020-10-08 01:16:34.004  INFO 29764 --- [task-1] com.zaxxer.hikari.HikariDataSource       : HikariPool-13 - Starting...
2020-10-08 01:16:34.039  INFO 29764 --- [task-1] com.zaxxer.hikari.HikariDataSource       : HikariPool-13 - Start completed.
2020-10-08 01:16:34.040  INFO 29764 --- [task-1] org.hibernate.dialect.Dialect            : HHH000400: Using dialect: org.hibernate.dialect.PostgreSQLDialect
2020-10-08 01:16:35.008  INFO 29764 --- [task-1] o.h.e.t.j.p.i.JtaPlatformInitiator       : HHH000490: Using JtaPlatform implementation: [org.hibernate.engine.transaction.jta.platform.internal.NoJtaPlatform]
2020-10-08 01:16:35.008  INFO 29764 --- [task-1] j.LocalContainerEntityManagerFactoryBean : Initialized JPA EntityManagerFactory for persistence unit 'default'
2020-10-08 01:16:35.078  INFO 29764 --- [task-2] o.s.b.d.a.OptionalLiveReloadServer       : LiveReload server is running on port 35729
2020-10-08 01:16:35.104  WARN 29764 --- [restartedMain] JpaBaseConfiguration$JpaWebConfiguration : spring.jpa.open-in-view is enabled by default. Therefore, database queries may be performed during view rendering. Explicitly configure spring.jpa.open-in-view to disable this warning
2020-10-08 01:16:35.287  INFO 29764 --- [restartedMain] o.s.b.a.e.web.EndpointLinksResolver      : Exposing 2 endpoint(s) beneath base path '/actuator'
2020-10-08 01:16:35.309  INFO 29764 --- [restartedMain] o.s.b.w.embedded.tomcat.TomcatWebServer  : Tomcat started on port(s): 8080 (http) with context path ''
2020-10-08 01:16:35.309  INFO 29764 --- [restartedMain] DeferredRepositoryInitializationListener : Triggering deferred initialization of Spring Data repositories…
2020-10-08 01:16:35.328  INFO 29764 --- [restartedMain] DeferredRepositoryInitializationListener : Spring Data repositories initialized!
2020-10-08 01:16:35.335  INFO 29764 --- [restartedMain] mm.com.dat.ses.SesApplication            : Started SesApplication in 2.068 seconds (JVM running for 162904.787)
2020-10-08 01:16:35.337  INFO 29764 --- [restartedMain] .ConditionEvaluationDeltaLoggingListener : Condition evaluation unchanged
2020-10-08 01:17:42.652  INFO 29764 --- [http-nio-8080-exec-1] o.a.c.c.C.[Tomcat-2].[localhost].[/]     : Initializing Spring DispatcherServlet 'dispatcherServlet'
2020-10-08 01:17:42.652  INFO 29764 --- [http-nio-8080-exec-1] o.s.web.servlet.DispatcherServlet        : Initializing Servlet 'dispatcherServlet'
2020-10-08 01:17:42.655  INFO 29764 --- [http-nio-8080-exec-1] o.s.web.servlet.DispatcherServlet        : Completed initialization in 3 ms
2020-10-08 02:24:08.314  INFO 29764 --- [Thread-75] j.LocalContainerEntityManagerFactoryBean : Closing JPA EntityManagerFactory for persistence unit 'default'
2020-10-08 02:24:08.315  INFO 29764 --- [Thread-75] o.s.s.concurrent.ThreadPoolTaskExecutor  : Shutting down ExecutorService 'applicationTaskExecutor'
2020-10-08 02:24:08.315  INFO 29764 --- [Thread-75] com.zaxxer.hikari.HikariDataSource       : HikariPool-13 - Shutdown initiated...
2020-10-08 02:24:08.318  INFO 29764 --- [Thread-75] com.zaxxer.hikari.HikariDataSource       : HikariPool-13 - Shutdown completed.
2020-10-08 02:24:08.764  INFO 29764 --- [restartedMain] o.s.boot.SpringApplication               : 
  .   ____          _            __ _ _
 /\\ / ___'_ __ _ _(_)_ __  __ _ \ \ \ \
( ( )\___ | '_ | '_| | '_ \/ _` | \ \ \ \
 \\/  ___)| |_)| | | | | || (_| |  ) ) ) )
  '  |____| .__|_| |_|_| |_\__, | / / / /
 =========|_|==============|___/=/_/_/_/
[32m :: Spring Boot :: [39m      [2m (v2.3.3.RELEASE)[0;39m


2020-10-08 02:24:08.768  INFO 29764 --- [restartedMain] mm.com.dat.ses.SesApplication            : Starting SesApplication on C01-DAT0166 with PID 29764 (C:\Users\25-00149\Documents\GitHub\StaffEvaluation\ses\target\classes started by 25-00149 in C:\Users\25-00149\Documents\GitHub\StaffEvaluation\ses)
2020-10-08 02:24:08.769  INFO 29764 --- [restartedMain] mm.com.dat.ses.SesApplication            : No active profile set, falling back to default profiles: default
2020-10-08 02:24:09.758  INFO 29764 --- [restartedMain] .s.d.r.c.RepositoryConfigurationDelegate : Bootstrapping Spring Data JPA repositories in DEFERRED mode.
2020-10-08 02:24:09.793  INFO 29764 --- [restartedMain] .s.d.r.c.RepositoryConfigurationDelegate : Finished Spring Data repository scanning in 34ms. Found 3 JPA repository interfaces.
2020-10-08 02:24:10.178  INFO 29764 --- [restartedMain] o.s.b.w.embedded.tomcat.TomcatWebServer  : Tomcat initialized with port(s): 8080 (http)
2020-10-08 02:24:10.178  INFO 29764 --- [restartedMain] o.apache.catalina.core.StandardService   : Starting service [Tomcat]
2020-10-08 02:24:10.178  INFO 29764 --- [restartedMain] org.apache.catalina.core.StandardEngine  : Starting Servlet engine: [Apache Tomcat/9.0.37]
2020-10-08 02:24:10.192  INFO 29764 --- [restartedMain] o.a.c.c.C.[Tomcat-2].[localhost].[/]     : Initializing Spring embedded WebApplicationContext
2020-10-08 02:24:10.193  INFO 29764 --- [restartedMain] w.s.c.ServletWebServerApplicationContext : Root WebApplicationContext: initialization completed in 1421 ms
2020-10-08 02:24:10.280  INFO 29764 --- [restartedMain] o.s.s.concurrent.ThreadPoolTaskExecutor  : Initializing ExecutorService 'applicationTaskExecutor'
2020-10-08 02:24:10.300  INFO 29764 --- [task-1] o.hibernate.jpa.internal.util.LogHelper  : HHH000204: Processing PersistenceUnitInfo [name: default]
2020-10-08 02:24:10.321  INFO 29764 --- [task-1] com.zaxxer.hikari.HikariDataSource       : HikariPool-14 - Starting...
2020-10-08 02:24:10.419  INFO 29764 --- [task-1] com.zaxxer.hikari.HikariDataSource       : HikariPool-14 - Start completed.
2020-10-08 02:24:10.419  INFO 29764 --- [task-1] org.hibernate.dialect.Dialect            : HHH000400: Using dialect: org.hibernate.dialect.PostgreSQLDialect
2020-10-08 02:24:12.823  INFO 29764 --- [task-1] o.h.e.t.j.p.i.JtaPlatformInitiator       : HHH000490: Using JtaPlatform implementation: [org.hibernate.engine.transaction.jta.platform.internal.NoJtaPlatform]
2020-10-08 02:24:12.824  INFO 29764 --- [task-1] j.LocalContainerEntityManagerFactoryBean : Initialized JPA EntityManagerFactory for persistence unit 'default'
2020-10-08 02:24:12.947  INFO 29764 --- [task-2] o.s.b.d.a.OptionalLiveReloadServer       : LiveReload server is running on port 35729
2020-10-08 02:24:13.005  WARN 29764 --- [restartedMain] JpaBaseConfiguration$JpaWebConfiguration : spring.jpa.open-in-view is enabled by default. Therefore, database queries may be performed during view rendering. Explicitly configure spring.jpa.open-in-view to disable this warning
2020-10-08 02:24:13.268  INFO 29764 --- [restartedMain] o.s.b.a.e.web.EndpointLinksResolver      : Exposing 2 endpoint(s) beneath base path '/actuator'
2020-10-08 02:24:13.284  INFO 29764 --- [restartedMain] o.s.b.w.embedded.tomcat.TomcatWebServer  : Tomcat started on port(s): 8080 (http) with context path ''
2020-10-08 02:24:13.285  INFO 29764 --- [restartedMain] DeferredRepositoryInitializationListener : Triggering deferred initialization of Spring Data repositories…
2020-10-08 02:24:13.325  INFO 29764 --- [restartedMain] DeferredRepositoryInitializationListener : Spring Data repositories initialized!
2020-10-08 02:24:13.332  INFO 29764 --- [restartedMain] mm.com.dat.ses.SesApplication            : Started SesApplication in 4.758 seconds (JVM running for 166962.762)
2020-10-08 02:24:13.334  INFO 29764 --- [restartedMain] .ConditionEvaluationDeltaLoggingListener : Condition evaluation unchanged
2020-10-08 02:24:42.931  INFO 29764 --- [Thread-81] j.LocalContainerEntityManagerFactoryBean : Closing JPA EntityManagerFactory for persistence unit 'default'
2020-10-08 02:24:42.932  INFO 29764 --- [Thread-81] o.s.s.concurrent.ThreadPoolTaskExecutor  : Shutting down ExecutorService 'applicationTaskExecutor'
2020-10-08 02:24:42.932  INFO 29764 --- [Thread-81] com.zaxxer.hikari.HikariDataSource       : HikariPool-14 - Shutdown initiated...
2020-10-08 02:24:42.935  INFO 29764 --- [Thread-81] com.zaxxer.hikari.HikariDataSource       : HikariPool-14 - Shutdown completed.
2020-10-08 02:24:43.066  INFO 29764 --- [restartedMain] o.s.boot.SpringApplication               : 
  .   ____          _            __ _ _
 /\\ / ___'_ __ _ _(_)_ __  __ _ \ \ \ \
( ( )\___ | '_ | '_| | '_ \/ _` | \ \ \ \
 \\/  ___)| |_)| | | | | || (_| |  ) ) ) )
  '  |____| .__|_| |_|_| |_\__, | / / / /
 =========|_|==============|___/=/_/_/_/
[32m :: Spring Boot :: [39m      [2m (v2.3.3.RELEASE)[0;39m


2020-10-08 02:24:43.070  INFO 29764 --- [restartedMain] mm.com.dat.ses.SesApplication            : Starting SesApplication on C01-DAT0166 with PID 29764 (C:\Users\25-00149\Documents\GitHub\StaffEvaluation\ses\target\classes started by 25-00149 in C:\Users\25-00149\Documents\GitHub\StaffEvaluation\ses)
2020-10-08 02:24:43.070  INFO 29764 --- [restartedMain] mm.com.dat.ses.SesApplication            : No active profile set, falling back to default profiles: default
2020-10-08 02:24:43.386  INFO 29764 --- [restartedMain] .s.d.r.c.RepositoryConfigurationDelegate : Bootstrapping Spring Data JPA repositories in DEFERRED mode.
2020-10-08 02:24:43.419  INFO 29764 --- [restartedMain] .s.d.r.c.RepositoryConfigurationDelegate : Finished Spring Data repository scanning in 32ms. Found 3 JPA repository interfaces.
2020-10-08 02:24:43.550  INFO 29764 --- [restartedMain] o.s.b.w.embedded.tomcat.TomcatWebServer  : Tomcat initialized with port(s): 8080 (http)
2020-10-08 02:24:43.550  INFO 29764 --- [restartedMain] o.apache.catalina.core.StandardService   : Starting service [Tomcat]
2020-10-08 02:24:43.551  INFO 29764 --- [restartedMain] org.apache.catalina.core.StandardEngine  : Starting Servlet engine: [Apache Tomcat/9.0.37]
2020-10-08 02:24:43.564  INFO 29764 --- [restartedMain] o.a.c.c.C.[Tomcat-2].[localhost].[/]     : Initializing Spring embedded WebApplicationContext
2020-10-08 02:24:43.564  INFO 29764 --- [restartedMain] w.s.c.ServletWebServerApplicationContext : Root WebApplicationContext: initialization completed in 492 ms
2020-10-08 02:24:43.649  INFO 29764 --- [restartedMain] o.s.s.concurrent.ThreadPoolTaskExecutor  : Initializing ExecutorService 'applicationTaskExecutor'
2020-10-08 02:24:43.666  INFO 29764 --- [task-1] o.hibernate.jpa.internal.util.LogHelper  : HHH000204: Processing PersistenceUnitInfo [name: default]
2020-10-08 02:24:43.684  INFO 29764 --- [task-1] com.zaxxer.hikari.HikariDataSource       : HikariPool-15 - Starting...
2020-10-08 02:24:43.723  INFO 29764 --- [task-1] com.zaxxer.hikari.HikariDataSource       : HikariPool-15 - Start completed.
2020-10-08 02:24:43.723  INFO 29764 --- [task-1] org.hibernate.dialect.Dialect            : HHH000400: Using dialect: org.hibernate.dialect.PostgreSQLDialect
2020-10-08 02:24:44.584  INFO 29764 --- [task-1] o.h.e.t.j.p.i.JtaPlatformInitiator       : HHH000490: Using JtaPlatform implementation: [org.hibernate.engine.transaction.jta.platform.internal.NoJtaPlatform]
2020-10-08 02:24:44.584  INFO 29764 --- [task-1] j.LocalContainerEntityManagerFactoryBean : Initialized JPA EntityManagerFactory for persistence unit 'default'
2020-10-08 02:24:44.613  INFO 29764 --- [task-2] o.s.b.d.a.OptionalLiveReloadServer       : LiveReload server is running on port 35729
2020-10-08 02:24:44.641  WARN 29764 --- [restartedMain] JpaBaseConfiguration$JpaWebConfiguration : spring.jpa.open-in-view is enabled by default. Therefore, database queries may be performed during view rendering. Explicitly configure spring.jpa.open-in-view to disable this warning
2020-10-08 02:24:44.831  INFO 29764 --- [restartedMain] o.s.b.a.e.web.EndpointLinksResolver      : Exposing 2 endpoint(s) beneath base path '/actuator'
2020-10-08 02:24:44.908  INFO 29764 --- [restartedMain] o.s.b.w.embedded.tomcat.TomcatWebServer  : Tomcat started on port(s): 8080 (http) with context path ''
2020-10-08 02:24:44.908  INFO 29764 --- [restartedMain] DeferredRepositoryInitializationListener : Triggering deferred initialization of Spring Data repositories…
2020-10-08 02:24:44.928  INFO 29764 --- [restartedMain] DeferredRepositoryInitializationListener : Spring Data repositories initialized!
2020-10-08 02:24:44.935  INFO 29764 --- [restartedMain] mm.com.dat.ses.SesApplication            : Started SesApplication in 1.89 seconds (JVM running for 166994.364)
2020-10-08 02:24:44.937  INFO 29764 --- [restartedMain] .ConditionEvaluationDeltaLoggingListener : Condition evaluation unchanged
2020-10-08 02:24:51.857  INFO 29764 --- [Thread-87] j.LocalContainerEntityManagerFactoryBean : Closing JPA EntityManagerFactory for persistence unit 'default'
2020-10-08 02:24:51.857  INFO 29764 --- [Thread-87] o.s.s.concurrent.ThreadPoolTaskExecutor  : Shutting down ExecutorService 'applicationTaskExecutor'
2020-10-08 02:24:51.858  INFO 29764 --- [Thread-87] com.zaxxer.hikari.HikariDataSource       : HikariPool-15 - Shutdown initiated...
2020-10-08 02:24:51.860  INFO 29764 --- [Thread-87] com.zaxxer.hikari.HikariDataSource       : HikariPool-15 - Shutdown completed.
2020-10-08 02:24:52.029  INFO 29764 --- [restartedMain] o.s.boot.SpringApplication               : 
  .   ____          _            __ _ _
 /\\ / ___'_ __ _ _(_)_ __  __ _ \ \ \ \
( ( )\___ | '_ | '_| | '_ \/ _` | \ \ \ \
 \\/  ___)| |_)| | | | | || (_| |  ) ) ) )
  '  |____| .__|_| |_|_| |_\__, | / / / /
 =========|_|==============|___/=/_/_/_/
[32m :: Spring Boot :: [39m      [2m (v2.3.3.RELEASE)[0;39m


2020-10-08 02:24:52.033  INFO 29764 --- [restartedMain] mm.com.dat.ses.SesApplication            : Starting SesApplication on C01-DAT0166 with PID 29764 (C:\Users\25-00149\Documents\GitHub\StaffEvaluation\ses\target\classes started by 25-00149 in C:\Users\25-00149\Documents\GitHub\StaffEvaluation\ses)
2020-10-08 02:24:52.033  INFO 29764 --- [restartedMain] mm.com.dat.ses.SesApplication            : No active profile set, falling back to default profiles: default
2020-10-08 02:24:52.375  INFO 29764 --- [restartedMain] .s.d.r.c.RepositoryConfigurationDelegate : Bootstrapping Spring Data JPA repositories in DEFERRED mode.
2020-10-08 02:24:52.409  INFO 29764 --- [restartedMain] .s.d.r.c.RepositoryConfigurationDelegate : Finished Spring Data repository scanning in 33ms. Found 3 JPA repository interfaces.
2020-10-08 02:24:52.538  INFO 29764 --- [restartedMain] o.s.b.w.embedded.tomcat.TomcatWebServer  : Tomcat initialized with port(s): 8080 (http)
2020-10-08 02:24:52.538  INFO 29764 --- [restartedMain] o.apache.catalina.core.StandardService   : Starting service [Tomcat]
2020-10-08 02:24:52.538  INFO 29764 --- [restartedMain] org.apache.catalina.core.StandardEngine  : Starting Servlet engine: [Apache Tomcat/9.0.37]
2020-10-08 02:24:52.552  INFO 29764 --- [restartedMain] o.a.c.c.C.[Tomcat-2].[localhost].[/]     : Initializing Spring embedded WebApplicationContext
2020-10-08 02:24:52.552  INFO 29764 --- [restartedMain] w.s.c.ServletWebServerApplicationContext : Root WebApplicationContext: initialization completed in 517 ms
2020-10-08 02:24:52.619  INFO 29764 --- [restartedMain] o.s.s.concurrent.ThreadPoolTaskExecutor  : Initializing ExecutorService 'applicationTaskExecutor'
2020-10-08 02:24:52.637  INFO 29764 --- [task-1] o.hibernate.jpa.internal.util.LogHelper  : HHH000204: Processing PersistenceUnitInfo [name: default]
2020-10-08 02:24:52.643  INFO 29764 --- [task-1] com.zaxxer.hikari.HikariDataSource       : HikariPool-16 - Starting...
2020-10-08 02:24:52.690  INFO 29764 --- [task-1] com.zaxxer.hikari.HikariDataSource       : HikariPool-16 - Start completed.
2020-10-08 02:24:52.691  INFO 29764 --- [task-1] org.hibernate.dialect.Dialect            : HHH000400: Using dialect: org.hibernate.dialect.PostgreSQLDialect
2020-10-08 02:24:53.594  INFO 29764 --- [task-1] o.h.e.t.j.p.i.JtaPlatformInitiator       : HHH000490: Using JtaPlatform implementation: [org.hibernate.engine.transaction.jta.platform.internal.NoJtaPlatform]
2020-10-08 02:24:53.594  INFO 29764 --- [task-1] j.LocalContainerEntityManagerFactoryBean : Initialized JPA EntityManagerFactory for persistence unit 'default'
2020-10-08 02:24:53.623  INFO 29764 --- [task-2] o.s.b.d.a.OptionalLiveReloadServer       : LiveReload server is running on port 35729
2020-10-08 02:24:53.660  WARN 29764 --- [restartedMain] JpaBaseConfiguration$JpaWebConfiguration : spring.jpa.open-in-view is enabled by default. Therefore, database queries may be performed during view rendering. Explicitly configure spring.jpa.open-in-view to disable this warning
2020-10-08 02:24:53.864  INFO 29764 --- [restartedMain] o.s.b.a.e.web.EndpointLinksResolver      : Exposing 2 endpoint(s) beneath base path '/actuator'
2020-10-08 02:24:53.882  INFO 29764 --- [restartedMain] o.s.b.w.embedded.tomcat.TomcatWebServer  : Tomcat started on port(s): 8080 (http) with context path ''
2020-10-08 02:24:53.882  INFO 29764 --- [restartedMain] DeferredRepositoryInitializationListener : Triggering deferred initialization of Spring Data repositories…
2020-10-08 02:24:53.902  INFO 29764 --- [restartedMain] DeferredRepositoryInitializationListener : Spring Data repositories initialized!
2020-10-08 02:24:53.911  INFO 29764 --- [restartedMain] mm.com.dat.ses.SesApplication            : Started SesApplication in 1.904 seconds (JVM running for 167003.34)
2020-10-08 02:24:53.912  INFO 29764 --- [restartedMain] .ConditionEvaluationDeltaLoggingListener : Condition evaluation unchanged
2020-10-08 02:46:15.786  INFO 29764 --- [Thread-93] j.LocalContainerEntityManagerFactoryBean : Closing JPA EntityManagerFactory for persistence unit 'default'
2020-10-08 02:46:15.787  INFO 29764 --- [Thread-93] o.s.s.concurrent.ThreadPoolTaskExecutor  : Shutting down ExecutorService 'applicationTaskExecutor'
2020-10-08 02:46:15.787  INFO 29764 --- [Thread-93] com.zaxxer.hikari.HikariDataSource       : HikariPool-16 - Shutdown initiated...
2020-10-08 02:46:15.790  INFO 29764 --- [Thread-93] com.zaxxer.hikari.HikariDataSource       : HikariPool-16 - Shutdown completed.
2020-10-08 02:46:16.011  INFO 29764 --- [restartedMain] o.s.boot.SpringApplication               : 
  .   ____          _            __ _ _
 /\\ / ___'_ __ _ _(_)_ __  __ _ \ \ \ \
( ( )\___ | '_ | '_| | '_ \/ _` | \ \ \ \
 \\/  ___)| |_)| | | | | || (_| |  ) ) ) )
  '  |____| .__|_| |_|_| |_\__, | / / / /
 =========|_|==============|___/=/_/_/_/
[32m :: Spring Boot :: [39m      [2m (v2.3.3.RELEASE)[0;39m


2020-10-08 02:46:16.014  INFO 29764 --- [restartedMain] mm.com.dat.ses.SesApplication            : Starting SesApplication on C01-DAT0166 with PID 29764 (C:\Users\25-00149\Documents\GitHub\StaffEvaluation\ses\target\classes started by 25-00149 in C:\Users\25-00149\Documents\GitHub\StaffEvaluation\ses)
2020-10-08 02:46:16.014  INFO 29764 --- [restartedMain] mm.com.dat.ses.SesApplication            : No active profile set, falling back to default profiles: default
2020-10-08 02:46:16.980  INFO 29764 --- [restartedMain] .s.d.r.c.RepositoryConfigurationDelegate : Bootstrapping Spring Data JPA repositories in DEFERRED mode.
2020-10-08 02:46:17.015  INFO 29764 --- [restartedMain] .s.d.r.c.RepositoryConfigurationDelegate : Finished Spring Data repository scanning in 34ms. Found 3 JPA repository interfaces.
2020-10-08 02:46:17.148  INFO 29764 --- [restartedMain] o.s.b.w.embedded.tomcat.TomcatWebServer  : Tomcat initialized with port(s): 8080 (http)
2020-10-08 02:46:17.148  INFO 29764 --- [restartedMain] o.apache.catalina.core.StandardService   : Starting service [Tomcat]
2020-10-08 02:46:17.148  INFO 29764 --- [restartedMain] org.apache.catalina.core.StandardEngine  : Starting Servlet engine: [Apache Tomcat/9.0.37]
2020-10-08 02:46:17.163  INFO 29764 --- [restartedMain] o.a.c.c.C.[Tomcat-2].[localhost].[/]     : Initializing Spring embedded WebApplicationContext
2020-10-08 02:46:17.163  INFO 29764 --- [restartedMain] w.s.c.ServletWebServerApplicationContext : Root WebApplicationContext: initialization completed in 1147 ms
2020-10-08 02:46:17.235  INFO 29764 --- [restartedMain] o.s.s.concurrent.ThreadPoolTaskExecutor  : Initializing ExecutorService 'applicationTaskExecutor'
2020-10-08 02:46:17.253  INFO 29764 --- [task-1] o.hibernate.jpa.internal.util.LogHelper  : HHH000204: Processing PersistenceUnitInfo [name: default]
2020-10-08 02:46:17.260  INFO 29764 --- [task-1] com.zaxxer.hikari.HikariDataSource       : HikariPool-17 - Starting...
2020-10-08 02:46:17.295  INFO 29764 --- [task-1] com.zaxxer.hikari.HikariDataSource       : HikariPool-17 - Start completed.
2020-10-08 02:46:17.312  INFO 29764 --- [task-1] org.hibernate.dialect.Dialect            : HHH000400: Using dialect: org.hibernate.dialect.PostgreSQLDialect
2020-10-08 02:46:18.200  INFO 29764 --- [task-1] o.h.e.t.j.p.i.JtaPlatformInitiator       : HHH000490: Using JtaPlatform implementation: [org.hibernate.engine.transaction.jta.platform.internal.NoJtaPlatform]
2020-10-08 02:46:18.200  INFO 29764 --- [task-1] j.LocalContainerEntityManagerFactoryBean : Initialized JPA EntityManagerFactory for persistence unit 'default'
2020-10-08 02:46:18.245  INFO 29764 --- [task-2] o.s.b.d.a.OptionalLiveReloadServer       : LiveReload server is running on port 35729
2020-10-08 02:46:18.270  WARN 29764 --- [restartedMain] JpaBaseConfiguration$JpaWebConfiguration : spring.jpa.open-in-view is enabled by default. Therefore, database queries may be performed during view rendering. Explicitly configure spring.jpa.open-in-view to disable this warning
2020-10-08 02:46:18.517  INFO 29764 --- [restartedMain] o.s.b.a.e.web.EndpointLinksResolver      : Exposing 2 endpoint(s) beneath base path '/actuator'
2020-10-08 02:46:18.534  INFO 29764 --- [restartedMain] o.s.b.w.embedded.tomcat.TomcatWebServer  : Tomcat started on port(s): 8080 (http) with context path ''
2020-10-08 02:46:18.534  INFO 29764 --- [restartedMain] DeferredRepositoryInitializationListener : Triggering deferred initialization of Spring Data repositories…
2020-10-08 02:46:18.602  INFO 29764 --- [restartedMain] DeferredRepositoryInitializationListener : Spring Data repositories initialized!
2020-10-08 02:46:18.609  INFO 29764 --- [restartedMain] mm.com.dat.ses.SesApplication            : Started SesApplication in 2.621 seconds (JVM running for 168288.032)
2020-10-08 02:46:18.610  INFO 29764 --- [restartedMain] .ConditionEvaluationDeltaLoggingListener : Condition evaluation unchanged
2020-10-08 02:51:24.799  INFO 29764 --- [http-nio-8080-exec-3] o.a.c.c.C.[Tomcat-2].[localhost].[/]     : Initializing Spring DispatcherServlet 'dispatcherServlet'
2020-10-08 02:51:24.799  INFO 29764 --- [http-nio-8080-exec-3] o.s.web.servlet.DispatcherServlet        : Initializing Servlet 'dispatcherServlet'
2020-10-08 02:51:24.802  INFO 29764 --- [http-nio-8080-exec-3] o.s.web.servlet.DispatcherServlet        : Completed initialization in 3 ms
2020-10-08 02:54:16.144 ERROR 29764 --- [http-nio-8080-exec-2] org.thymeleaf.TemplateEngine             : [THYMELEAF][http-nio-8080-exec-2] Exception processing template "admin/userrolepermission_lists": An error happened during template parsing (template: "class path resource [templates/admin/userrolepermission_lists.html]" - line 56, col 29)

org.thymeleaf.exceptions.TemplateInputException: An error happened during template parsing (template: "class path resource [templates/admin/userrolepermission_lists.html]" - line 56, col 29)
	at org.thymeleaf.templateparser.markup.AbstractMarkupTemplateParser.parse(AbstractMarkupTemplateParser.java:239) ~[thymeleaf-3.0.11.RELEASE.jar:3.0.11.RELEASE]
	at org.thymeleaf.templateparser.markup.AbstractMarkupTemplateParser.parseStandalone(AbstractMarkupTemplateParser.java:100) ~[thymeleaf-3.0.11.RELEASE.jar:3.0.11.RELEASE]
	at org.thymeleaf.engine.TemplateManager.parseAndProcess(TemplateManager.java:666) ~[thymeleaf-3.0.11.RELEASE.jar:3.0.11.RELEASE]
	at org.thymeleaf.TemplateEngine.process(TemplateEngine.java:1098) [thymeleaf-3.0.11.RELEASE.jar:3.0.11.RELEASE]
	at org.thymeleaf.TemplateEngine.process(TemplateEngine.java:1072) [thymeleaf-3.0.11.RELEASE.jar:3.0.11.RELEASE]
	at org.thymeleaf.spring5.view.ThymeleafView.renderFragment(ThymeleafView.java:362) [thymeleaf-spring5-3.0.11.RELEASE.jar:3.0.11.RELEASE]
	at org.thymeleaf.spring5.view.ThymeleafView.render(ThymeleafView.java:189) [thymeleaf-spring5-3.0.11.RELEASE.jar:3.0.11.RELEASE]
	at org.springframework.web.servlet.DispatcherServlet.render(DispatcherServlet.java:1373) [spring-webmvc-5.2.8.RELEASE.jar:5.2.8.RELEASE]
	at org.springframework.web.servlet.DispatcherServlet.processDispatchResult(DispatcherServlet.java:1118) [spring-webmvc-5.2.8.RELEASE.jar:5.2.8.RELEASE]
	at org.springframework.web.servlet.DispatcherServlet.doDispatch(DispatcherServlet.java:1057) [spring-webmvc-5.2.8.RELEASE.jar:5.2.8.RELEASE]
	at org.springframework.web.servlet.DispatcherServlet.doService(DispatcherServlet.java:943) [spring-webmvc-5.2.8.RELEASE.jar:5.2.8.RELEASE]
	at org.springframework.web.servlet.FrameworkServlet.processRequest(FrameworkServlet.java:1006) [spring-webmvc-5.2.8.RELEASE.jar:5.2.8.RELEASE]
	at org.springframework.web.servlet.FrameworkServlet.doGet(FrameworkServlet.java:898) [spring-webmvc-5.2.8.RELEASE.jar:5.2.8.RELEASE]
	at javax.servlet.http.HttpServlet.service(HttpServlet.java:626) [tomcat-embed-core-9.0.37.jar:4.0.FR]
	at org.springframework.web.servlet.FrameworkServlet.service(FrameworkServlet.java:883) [spring-webmvc-5.2.8.RELEASE.jar:5.2.8.RELEASE]
	at javax.servlet.http.HttpServlet.service(HttpServlet.java:733) [tomcat-embed-core-9.0.37.jar:4.0.FR]
	at org.apache.catalina.core.ApplicationFilterChain.internalDoFilter(ApplicationFilterChain.java:231) [tomcat-embed-core-9.0.37.jar:9.0.37]
	at org.apache.catalina.core.ApplicationFilterChain.doFilter(ApplicationFilterChain.java:166) [tomcat-embed-core-9.0.37.jar:9.0.37]
	at org.apache.tomcat.websocket.server.WsFilter.doFilter(WsFilter.java:53) [tomcat-embed-websocket-9.0.37.jar:9.0.37]
	at org.apache.catalina.core.ApplicationFilterChain.internalDoFilter(ApplicationFilterChain.java:193) [tomcat-embed-core-9.0.37.jar:9.0.37]
	at org.apache.catalina.core.ApplicationFilterChain.doFilter(ApplicationFilterChain.java:166) [tomcat-embed-core-9.0.37.jar:9.0.37]
	at org.springframework.web.filter.RequestContextFilter.doFilterInternal(RequestContextFilter.java:100) [spring-web-5.2.8.RELEASE.jar:5.2.8.RELEASE]
	at org.springframework.web.filter.OncePerRequestFilter.doFilter(OncePerRequestFilter.java:119) [spring-web-5.2.8.RELEASE.jar:5.2.8.RELEASE]
	at org.apache.catalina.core.ApplicationFilterChain.internalDoFilter(ApplicationFilterChain.java:193) [tomcat-embed-core-9.0.37.jar:9.0.37]
	at org.apache.catalina.core.ApplicationFilterChain.doFilter(ApplicationFilterChain.java:166) [tomcat-embed-core-9.0.37.jar:9.0.37]
	at org.springframework.web.filter.FormContentFilter.doFilterInternal(FormContentFilter.java:93) [spring-web-5.2.8.RELEASE.jar:5.2.8.RELEASE]
	at org.springframework.web.filter.OncePerRequestFilter.doFilter(OncePerRequestFilter.java:119) [spring-web-5.2.8.RELEASE.jar:5.2.8.RELEASE]
	at org.apache.catalina.core.ApplicationFilterChain.internalDoFilter(ApplicationFilterChain.java:193) [tomcat-embed-core-9.0.37.jar:9.0.37]
	at org.apache.catalina.core.ApplicationFilterChain.doFilter(ApplicationFilterChain.java:166) [tomcat-embed-core-9.0.37.jar:9.0.37]
	at org.springframework.boot.actuate.metrics.web.servlet.WebMvcMetricsFilter.doFilterInternal(WebMvcMetricsFilter.java:93) [spring-boot-actuator-2.3.3.RELEASE.jar:2.3.3.RELEASE]
	at org.springframework.web.filter.OncePerRequestFilter.doFilter(OncePerRequestFilter.java:119) [spring-web-5.2.8.RELEASE.jar:5.2.8.RELEASE]
	at org.apache.catalina.core.ApplicationFilterChain.internalDoFilter(ApplicationFilterChain.java:193) [tomcat-embed-core-9.0.37.jar:9.0.37]
	at org.apache.catalina.core.ApplicationFilterChain.doFilter(ApplicationFilterChain.java:166) [tomcat-embed-core-9.0.37.jar:9.0.37]
	at org.springframework.web.filter.CharacterEncodingFilter.doFilterInternal(CharacterEncodingFilter.java:201) [spring-web-5.2.8.RELEASE.jar:5.2.8.RELEASE]
	at org.springframework.web.filter.OncePerRequestFilter.doFilter(OncePerRequestFilter.java:119) [spring-web-5.2.8.RELEASE.jar:5.2.8.RELEASE]
	at org.apache.catalina.core.ApplicationFilterChain.internalDoFilter(ApplicationFilterChain.java:193) [tomcat-embed-core-9.0.37.jar:9.0.37]
	at org.apache.catalina.core.ApplicationFilterChain.doFilter(ApplicationFilterChain.java:166) [tomcat-embed-core-9.0.37.jar:9.0.37]
	at org.apache.catalina.core.StandardWrapperValve.invoke(StandardWrapperValve.java:202) [tomcat-embed-core-9.0.37.jar:9.0.37]
	at org.apache.catalina.core.StandardContextValve.invoke(StandardContextValve.java:96) [tomcat-embed-core-9.0.37.jar:9.0.37]
	at org.apache.catalina.authenticator.AuthenticatorBase.invoke(AuthenticatorBase.java:541) [tomcat-embed-core-9.0.37.jar:9.0.37]
	at org.apache.catalina.core.StandardHostValve.invoke(StandardHostValve.java:139) [tomcat-embed-core-9.0.37.jar:9.0.37]
	at org.apache.catalina.valves.ErrorReportValve.invoke(ErrorReportValve.java:92) [tomcat-embed-core-9.0.37.jar:9.0.37]
	at org.apache.catalina.core.StandardEngineValve.invoke(StandardEngineValve.java:74) [tomcat-embed-core-9.0.37.jar:9.0.37]
	at org.apache.catalina.connector.CoyoteAdapter.service(CoyoteAdapter.java:343) [tomcat-embed-core-9.0.37.jar:9.0.37]
	at org.apache.coyote.http11.Http11Processor.service(Http11Processor.java:373) [tomcat-embed-core-9.0.37.jar:9.0.37]
	at org.apache.coyote.AbstractProcessorLight.process(AbstractProcessorLight.java:65) [tomcat-embed-core-9.0.37.jar:9.0.37]
	at org.apache.coyote.AbstractProtocol$ConnectionHandler.process(AbstractProtocol.java:868) [tomcat-embed-core-9.0.37.jar:9.0.37]
	at org.apache.tomcat.util.net.NioEndpoint$SocketProcessor.doRun(NioEndpoint.java:1589) [tomcat-embed-core-9.0.37.jar:9.0.37]
	at org.apache.tomcat.util.net.SocketProcessorBase.run(SocketProcessorBase.java:49) [tomcat-embed-core-9.0.37.jar:9.0.37]
	at java.util.concurrent.ThreadPoolExecutor.runWorker(ThreadPoolExecutor.java:1149) [na:1.8.0_261]
	at java.util.concurrent.ThreadPoolExecutor$Worker.run(ThreadPoolExecutor.java:624) [na:1.8.0_261]
	at org.apache.tomcat.util.threads.TaskThread$WrappingRunnable.run(TaskThread.java:61) [tomcat-embed-core-9.0.37.jar:9.0.37]
	at java.lang.Thread.run(Thread.java:748) [na:1.8.0_261]
Caused by: org.attoparser.ParseException: (Line = 56, Column = 29) Incomplete structure: "<div class="form-group>
								<label>User Role:</label>
								
									<input type="text" value="Admin" class="form-control">
								
                            </div>		
                            
                            <table id="bootstrap-data-table" class="table table-striped table-bordered">
								
                                    <thead>
                                        <tr>
                                            <th>No</th>
                                            <th style="width:80%">Menu Lists</th>                                                                                                                                
                                            <!-- <th colspan="2">Action</th> -->
                                        </tr>
                                    </thead>
                                    <tbody>
                                    	<tr>
                                            <td>1</td>
                                            <td>Staff</td>
                                            <!-- <td><a href="#"><i class="menu-icon fa fa-pencil"></i></a></td> -->
                                        </tr>
                                        <tr>
                                            <td>2</td>
                                            <td>Team</td>
                                            <!-- <td><a href="#"><i class="menu-icon fa fa-pencil"></i></a></td> -->
                                        </tr>
                                        <tr>
                                            <td>3</td>
                                            <td>Department</td>
                                            <!-- <td><a href="#"><i class="menu-icon fa fa-pencil"></i></a></td> -->
                                        </tr>
                                        <tr>
                                            <td>4</td>
                                            <td>Project></td>
                                            <!-- <td><a href="#"><i class="menu-icon fa fa-pencil"></i></a></td> -->
                                        </tr>
                                        <tr>
                                            <td>5</td>
                                            <td>Evaluation Criteria</td>
                                            <!-- <td><a href="#"><i class="menu-icon fa fa-pencil"></i></a></td> -->
                                        </tr>
                                        <tr>
                                            <td>6</td>
                                            <td>Improvement Type</td>
                                            <!-- <td><a href="#"><i class="menu-icon fa fa-pencil"></i></a></td> -->
                                        </tr>
                                        
                                        
                                    </tbody>
                                </table>
                            <div class="card-body"></div>
                        </div>
                    </div>
                </div>
                <!--  /Form -->
                
            </div>
            <!-- .animated -->
        </div>
        <!-- /.content -->


		<div class="clearfix"></div>

		<!-- add footer fragment -->
		<footer th:replace="common/master_template :: footer-fragment">
		</footer>

	</div>
	<!-- right panel end -->

	<!-- Scripts -->
	<script src="../js/jquery.min.js"></script>
	<script src="../js/popper.min.js"></script>
	<script src="../js/bootstrap.min.js"></script>
	<script src="../js/jquery.matchHeight.min.js"></script>
	<script src="../js/main.js"></script>

	<!--  Chart js -->
	<script type="text/javascript">
		$(document).ready(function() {
			$('#bootstrap-data-table-export').DataTable();
		});
	</script>
</body>
</html>
"
	at org.attoparser.MarkupParser.parseDocument(MarkupParser.java:366) ~[attoparser-2.0.5.RELEASE.jar:2.0.5.RELEASE]
	at org.attoparser.MarkupParser.parse(MarkupParser.java:257) ~[attoparser-2.0.5.RELEASE.jar:2.0.5.RELEASE]
	at org.thymeleaf.templateparser.markup.AbstractMarkupTemplateParser.parse(AbstractMarkupTemplateParser.java:230) ~[thymeleaf-3.0.11.RELEASE.jar:3.0.11.RELEASE]
	... 52 common frames omitted

2020-10-08 02:54:16.723 ERROR 29764 --- [http-nio-8080-exec-2] o.a.c.c.C.[.[.[/].[dispatcherServlet]    : Servlet.service() for servlet [dispatcherServlet] in context with path [] threw exception [Request processing failed; nested exception is org.thymeleaf.exceptions.TemplateInputException: An error happened during template parsing (template: "class path resource [templates/admin/userrolepermission_lists.html]" - line 56, col 29)] with root cause

org.attoparser.ParseException: (Line = 56, Column = 29) Incomplete structure: "<div class="form-group>
								<label>User Role:</label>
								
									<input type="text" value="Admin" class="form-control">
								
                            </div>		
                            
                            <table id="bootstrap-data-table" class="table table-striped table-bordered">
								
                                    <thead>
                                        <tr>
                                            <th>No</th>
                                            <th style="width:80%">Menu Lists</th>                                                                                                                                
                                            <!-- <th colspan="2">Action</th> -->
                                        </tr>
                                    </thead>
                                    <tbody>
                                    	<tr>
                                            <td>1</td>
                                            <td>Staff</td>
                                            <!-- <td><a href="#"><i class="menu-icon fa fa-pencil"></i></a></td> -->
                                        </tr>
                                        <tr>
                                            <td>2</td>
                                            <td>Team</td>
                                            <!-- <td><a href="#"><i class="menu-icon fa fa-pencil"></i></a></td> -->
                                        </tr>
                                        <tr>
                                            <td>3</td>
                                            <td>Department</td>
                                            <!-- <td><a href="#"><i class="menu-icon fa fa-pencil"></i></a></td> -->
                                        </tr>
                                        <tr>
                                            <td>4</td>
                                            <td>Project></td>
                                            <!-- <td><a href="#"><i class="menu-icon fa fa-pencil"></i></a></td> -->
                                        </tr>
                                        <tr>
                                            <td>5</td>
                                            <td>Evaluation Criteria</td>
                                            <!-- <td><a href="#"><i class="menu-icon fa fa-pencil"></i></a></td> -->
                                        </tr>
                                        <tr>
                                            <td>6</td>
                                            <td>Improvement Type</td>
                                            <!-- <td><a href="#"><i class="menu-icon fa fa-pencil"></i></a></td> -->
                                        </tr>
                                        
                                        
                                    </tbody>
                                </table>
                            <div class="card-body"></div>
                        </div>
                    </div>
                </div>
                <!--  /Form -->
                
            </div>
            <!-- .animated -->
        </div>
        <!-- /.content -->


		<div class="clearfix"></div>

		<!-- add footer fragment -->
		<footer th:replace="common/master_template :: footer-fragment">
		</footer>

	</div>
	<!-- right panel end -->

	<!-- Scripts -->
	<script src="../js/jquery.min.js"></script>
	<script src="../js/popper.min.js"></script>
	<script src="../js/bootstrap.min.js"></script>
	<script src="../js/jquery.matchHeight.min.js"></script>
	<script src="../js/main.js"></script>

	<!--  Chart js -->
	<script type="text/javascript">
		$(document).ready(function() {
			$('#bootstrap-data-table-export').DataTable();
		});
	</script>
</body>
</html>
"
	at org.attoparser.MarkupParser.parseDocument(MarkupParser.java:366) ~[attoparser-2.0.5.RELEASE.jar:2.0.5.RELEASE]
	at org.attoparser.MarkupParser.parse(MarkupParser.java:257) ~[attoparser-2.0.5.RELEASE.jar:2.0.5.RELEASE]
	at org.thymeleaf.templateparser.markup.AbstractMarkupTemplateParser.parse(AbstractMarkupTemplateParser.java:230) ~[thymeleaf-3.0.11.RELEASE.jar:3.0.11.RELEASE]
	at org.thymeleaf.templateparser.markup.AbstractMarkupTemplateParser.parseStandalone(AbstractMarkupTemplateParser.java:100) ~[thymeleaf-3.0.11.RELEASE.jar:3.0.11.RELEASE]
	at org.thymeleaf.engine.TemplateManager.parseAndProcess(TemplateManager.java:666) ~[thymeleaf-3.0.11.RELEASE.jar:3.0.11.RELEASE]
	at org.thymeleaf.TemplateEngine.process(TemplateEngine.java:1098) ~[thymeleaf-3.0.11.RELEASE.jar:3.0.11.RELEASE]
	at org.thymeleaf.TemplateEngine.process(TemplateEngine.java:1072) ~[thymeleaf-3.0.11.RELEASE.jar:3.0.11.RELEASE]
	at org.thymeleaf.spring5.view.ThymeleafView.renderFragment(ThymeleafView.java:362) ~[thymeleaf-spring5-3.0.11.RELEASE.jar:3.0.11.RELEASE]
	at org.thymeleaf.spring5.view.ThymeleafView.render(ThymeleafView.java:189) ~[thymeleaf-spring5-3.0.11.RELEASE.jar:3.0.11.RELEASE]
	at org.springframework.web.servlet.DispatcherServlet.render(DispatcherServlet.java:1373) ~[spring-webmvc-5.2.8.RELEASE.jar:5.2.8.RELEASE]
	at org.springframework.web.servlet.DispatcherServlet.processDispatchResult(DispatcherServlet.java:1118) ~[spring-webmvc-5.2.8.RELEASE.jar:5.2.8.RELEASE]
	at org.springframework.web.servlet.DispatcherServlet.doDispatch(DispatcherServlet.java:1057) ~[spring-webmvc-5.2.8.RELEASE.jar:5.2.8.RELEASE]
	at org.springframework.web.servlet.DispatcherServlet.doService(DispatcherServlet.java:943) ~[spring-webmvc-5.2.8.RELEASE.jar:5.2.8.RELEASE]
	at org.springframework.web.servlet.FrameworkServlet.processRequest(FrameworkServlet.java:1006) ~[spring-webmvc-5.2.8.RELEASE.jar:5.2.8.RELEASE]
	at org.springframework.web.servlet.FrameworkServlet.doGet(FrameworkServlet.java:898) ~[spring-webmvc-5.2.8.RELEASE.jar:5.2.8.RELEASE]
	at javax.servlet.http.HttpServlet.service(HttpServlet.java:626) ~[tomcat-embed-core-9.0.37.jar:4.0.FR]
	at org.springframework.web.servlet.FrameworkServlet.service(FrameworkServlet.java:883) ~[spring-webmvc-5.2.8.RELEASE.jar:5.2.8.RELEASE]
	at javax.servlet.http.HttpServlet.service(HttpServlet.java:733) ~[tomcat-embed-core-9.0.37.jar:4.0.FR]
	at org.apache.catalina.core.ApplicationFilterChain.internalDoFilter(ApplicationFilterChain.java:231) ~[tomcat-embed-core-9.0.37.jar:9.0.37]
	at org.apache.catalina.core.ApplicationFilterChain.doFilter(ApplicationFilterChain.java:166) ~[tomcat-embed-core-9.0.37.jar:9.0.37]
	at org.apache.tomcat.websocket.server.WsFilter.doFilter(WsFilter.java:53) ~[tomcat-embed-websocket-9.0.37.jar:9.0.37]
	at org.apache.catalina.core.ApplicationFilterChain.internalDoFilter(ApplicationFilterChain.java:193) ~[tomcat-embed-core-9.0.37.jar:9.0.37]
	at org.apache.catalina.core.ApplicationFilterChain.doFilter(ApplicationFilterChain.java:166) ~[tomcat-embed-core-9.0.37.jar:9.0.37]
	at org.springframework.web.filter.RequestContextFilter.doFilterInternal(RequestContextFilter.java:100) ~[spring-web-5.2.8.RELEASE.jar:5.2.8.RELEASE]
	at org.springframework.web.filter.OncePerRequestFilter.doFilter(OncePerRequestFilter.java:119) ~[spring-web-5.2.8.RELEASE.jar:5.2.8.RELEASE]
	at org.apache.catalina.core.ApplicationFilterChain.internalDoFilter(ApplicationFilterChain.java:193) ~[tomcat-embed-core-9.0.37.jar:9.0.37]
	at org.apache.catalina.core.ApplicationFilterChain.doFilter(ApplicationFilterChain.java:166) ~[tomcat-embed-core-9.0.37.jar:9.0.37]
	at org.springframework.web.filter.FormContentFilter.doFilterInternal(FormContentFilter.java:93) ~[spring-web-5.2.8.RELEASE.jar:5.2.8.RELEASE]
	at org.springframework.web.filter.OncePerRequestFilter.doFilter(OncePerRequestFilter.java:119) ~[spring-web-5.2.8.RELEASE.jar:5.2.8.RELEASE]
	at org.apache.catalina.core.ApplicationFilterChain.internalDoFilter(ApplicationFilterChain.java:193) ~[tomcat-embed-core-9.0.37.jar:9.0.37]
	at org.apache.catalina.core.ApplicationFilterChain.doFilter(ApplicationFilterChain.java:166) ~[tomcat-embed-core-9.0.37.jar:9.0.37]
	at org.springframework.boot.actuate.metrics.web.servlet.WebMvcMetricsFilter.doFilterInternal(WebMvcMetricsFilter.java:93) ~[spring-boot-actuator-2.3.3.RELEASE.jar:2.3.3.RELEASE]
	at org.springframework.web.filter.OncePerRequestFilter.doFilter(OncePerRequestFilter.java:119) ~[spring-web-5.2.8.RELEASE.jar:5.2.8.RELEASE]
	at org.apache.catalina.core.ApplicationFilterChain.internalDoFilter(ApplicationFilterChain.java:193) ~[tomcat-embed-core-9.0.37.jar:9.0.37]
	at org.apache.catalina.core.ApplicationFilterChain.doFilter(ApplicationFilterChain.java:166) ~[tomcat-embed-core-9.0.37.jar:9.0.37]
	at org.springframework.web.filter.CharacterEncodingFilter.doFilterInternal(CharacterEncodingFilter.java:201) ~[spring-web-5.2.8.RELEASE.jar:5.2.8.RELEASE]
	at org.springframework.web.filter.OncePerRequestFilter.doFilter(OncePerRequestFilter.java:119) ~[spring-web-5.2.8.RELEASE.jar:5.2.8.RELEASE]
	at org.apache.catalina.core.ApplicationFilterChain.internalDoFilter(ApplicationFilterChain.java:193) ~[tomcat-embed-core-9.0.37.jar:9.0.37]
	at org.apache.catalina.core.ApplicationFilterChain.doFilter(ApplicationFilterChain.java:166) ~[tomcat-embed-core-9.0.37.jar:9.0.37]
	at org.apache.catalina.core.StandardWrapperValve.invoke(StandardWrapperValve.java:202) ~[tomcat-embed-core-9.0.37.jar:9.0.37]
	at org.apache.catalina.core.StandardContextValve.invoke(StandardContextValve.java:96) [tomcat-embed-core-9.0.37.jar:9.0.37]
	at org.apache.catalina.authenticator.AuthenticatorBase.invoke(AuthenticatorBase.java:541) [tomcat-embed-core-9.0.37.jar:9.0.37]
	at org.apache.catalina.core.StandardHostValve.invoke(StandardHostValve.java:139) [tomcat-embed-core-9.0.37.jar:9.0.37]
	at org.apache.catalina.valves.ErrorReportValve.invoke(ErrorReportValve.java:92) [tomcat-embed-core-9.0.37.jar:9.0.37]
	at org.apache.catalina.core.StandardEngineValve.invoke(StandardEngineValve.java:74) [tomcat-embed-core-9.0.37.jar:9.0.37]
	at org.apache.catalina.connector.CoyoteAdapter.service(CoyoteAdapter.java:343) [tomcat-embed-core-9.0.37.jar:9.0.37]
	at org.apache.coyote.http11.Http11Processor.service(Http11Processor.java:373) [tomcat-embed-core-9.0.37.jar:9.0.37]
	at org.apache.coyote.AbstractProcessorLight.process(AbstractProcessorLight.java:65) [tomcat-embed-core-9.0.37.jar:9.0.37]
	at org.apache.coyote.AbstractProtocol$ConnectionHandler.process(AbstractProtocol.java:868) [tomcat-embed-core-9.0.37.jar:9.0.37]
	at org.apache.tomcat.util.net.NioEndpoint$SocketProcessor.doRun(NioEndpoint.java:1589) [tomcat-embed-core-9.0.37.jar:9.0.37]
	at org.apache.tomcat.util.net.SocketProcessorBase.run(SocketProcessorBase.java:49) [tomcat-embed-core-9.0.37.jar:9.0.37]
	at java.util.concurrent.ThreadPoolExecutor.runWorker(ThreadPoolExecutor.java:1149) [na:1.8.0_261]
	at java.util.concurrent.ThreadPoolExecutor$Worker.run(ThreadPoolExecutor.java:624) [na:1.8.0_261]
	at org.apache.tomcat.util.threads.TaskThread$WrappingRunnable.run(TaskThread.java:61) [tomcat-embed-core-9.0.37.jar:9.0.37]
	at java.lang.Thread.run(Thread.java:748) [na:1.8.0_261]

2020-10-08 02:54:45.179 ERROR 29764 --- [http-nio-8080-exec-5] org.thymeleaf.TemplateEngine             : [THYMELEAF][http-nio-8080-exec-5] Exception processing template "admin/userrolepermission_lists": An error happened during template parsing (template: "class path resource [templates/admin/userrolepermission_lists.html]" - line 56, col 29)

org.thymeleaf.exceptions.TemplateInputException: An error happened during template parsing (template: "class path resource [templates/admin/userrolepermission_lists.html]" - line 56, col 29)
	at org.thymeleaf.templateparser.markup.AbstractMarkupTemplateParser.parse(AbstractMarkupTemplateParser.java:239) ~[thymeleaf-3.0.11.RELEASE.jar:3.0.11.RELEASE]
	at org.thymeleaf.templateparser.markup.AbstractMarkupTemplateParser.parseStandalone(AbstractMarkupTemplateParser.java:100) ~[thymeleaf-3.0.11.RELEASE.jar:3.0.11.RELEASE]
	at org.thymeleaf.engine.TemplateManager.parseAndProcess(TemplateManager.java:666) ~[thymeleaf-3.0.11.RELEASE.jar:3.0.11.RELEASE]
	at org.thymeleaf.TemplateEngine.process(TemplateEngine.java:1098) [thymeleaf-3.0.11.RELEASE.jar:3.0.11.RELEASE]
	at org.thymeleaf.TemplateEngine.process(TemplateEngine.java:1072) [thymeleaf-3.0.11.RELEASE.jar:3.0.11.RELEASE]
	at org.thymeleaf.spring5.view.ThymeleafView.renderFragment(ThymeleafView.java:362) [thymeleaf-spring5-3.0.11.RELEASE.jar:3.0.11.RELEASE]
	at org.thymeleaf.spring5.view.ThymeleafView.render(ThymeleafView.java:189) [thymeleaf-spring5-3.0.11.RELEASE.jar:3.0.11.RELEASE]
	at org.springframework.web.servlet.DispatcherServlet.render(DispatcherServlet.java:1373) [spring-webmvc-5.2.8.RELEASE.jar:5.2.8.RELEASE]
	at org.springframework.web.servlet.DispatcherServlet.processDispatchResult(DispatcherServlet.java:1118) [spring-webmvc-5.2.8.RELEASE.jar:5.2.8.RELEASE]
	at org.springframework.web.servlet.DispatcherServlet.doDispatch(DispatcherServlet.java:1057) [spring-webmvc-5.2.8.RELEASE.jar:5.2.8.RELEASE]
	at org.springframework.web.servlet.DispatcherServlet.doService(DispatcherServlet.java:943) [spring-webmvc-5.2.8.RELEASE.jar:5.2.8.RELEASE]
	at org.springframework.web.servlet.FrameworkServlet.processRequest(FrameworkServlet.java:1006) [spring-webmvc-5.2.8.RELEASE.jar:5.2.8.RELEASE]
	at org.springframework.web.servlet.FrameworkServlet.doGet(FrameworkServlet.java:898) [spring-webmvc-5.2.8.RELEASE.jar:5.2.8.RELEASE]
	at javax.servlet.http.HttpServlet.service(HttpServlet.java:626) [tomcat-embed-core-9.0.37.jar:4.0.FR]
	at org.springframework.web.servlet.FrameworkServlet.service(FrameworkServlet.java:883) [spring-webmvc-5.2.8.RELEASE.jar:5.2.8.RELEASE]
	at javax.servlet.http.HttpServlet.service(HttpServlet.java:733) [tomcat-embed-core-9.0.37.jar:4.0.FR]
	at org.apache.catalina.core.ApplicationFilterChain.internalDoFilter(ApplicationFilterChain.java:231) [tomcat-embed-core-9.0.37.jar:9.0.37]
	at org.apache.catalina.core.ApplicationFilterChain.doFilter(ApplicationFilterChain.java:166) [tomcat-embed-core-9.0.37.jar:9.0.37]
	at org.apache.tomcat.websocket.server.WsFilter.doFilter(WsFilter.java:53) [tomcat-embed-websocket-9.0.37.jar:9.0.37]
	at org.apache.catalina.core.ApplicationFilterChain.internalDoFilter(ApplicationFilterChain.java:193) [tomcat-embed-core-9.0.37.jar:9.0.37]
	at org.apache.catalina.core.ApplicationFilterChain.doFilter(ApplicationFilterChain.java:166) [tomcat-embed-core-9.0.37.jar:9.0.37]
	at org.springframework.web.filter.RequestContextFilter.doFilterInternal(RequestContextFilter.java:100) [spring-web-5.2.8.RELEASE.jar:5.2.8.RELEASE]
	at org.springframework.web.filter.OncePerRequestFilter.doFilter(OncePerRequestFilter.java:119) [spring-web-5.2.8.RELEASE.jar:5.2.8.RELEASE]
	at org.apache.catalina.core.ApplicationFilterChain.internalDoFilter(ApplicationFilterChain.java:193) [tomcat-embed-core-9.0.37.jar:9.0.37]
	at org.apache.catalina.core.ApplicationFilterChain.doFilter(ApplicationFilterChain.java:166) [tomcat-embed-core-9.0.37.jar:9.0.37]
	at org.springframework.web.filter.FormContentFilter.doFilterInternal(FormContentFilter.java:93) [spring-web-5.2.8.RELEASE.jar:5.2.8.RELEASE]
	at org.springframework.web.filter.OncePerRequestFilter.doFilter(OncePerRequestFilter.java:119) [spring-web-5.2.8.RELEASE.jar:5.2.8.RELEASE]
	at org.apache.catalina.core.ApplicationFilterChain.internalDoFilter(ApplicationFilterChain.java:193) [tomcat-embed-core-9.0.37.jar:9.0.37]
	at org.apache.catalina.core.ApplicationFilterChain.doFilter(ApplicationFilterChain.java:166) [tomcat-embed-core-9.0.37.jar:9.0.37]
	at org.springframework.boot.actuate.metrics.web.servlet.WebMvcMetricsFilter.doFilterInternal(WebMvcMetricsFilter.java:93) [spring-boot-actuator-2.3.3.RELEASE.jar:2.3.3.RELEASE]
	at org.springframework.web.filter.OncePerRequestFilter.doFilter(OncePerRequestFilter.java:119) [spring-web-5.2.8.RELEASE.jar:5.2.8.RELEASE]
	at org.apache.catalina.core.ApplicationFilterChain.internalDoFilter(ApplicationFilterChain.java:193) [tomcat-embed-core-9.0.37.jar:9.0.37]
	at org.apache.catalina.core.ApplicationFilterChain.doFilter(ApplicationFilterChain.java:166) [tomcat-embed-core-9.0.37.jar:9.0.37]
	at org.springframework.web.filter.CharacterEncodingFilter.doFilterInternal(CharacterEncodingFilter.java:201) [spring-web-5.2.8.RELEASE.jar:5.2.8.RELEASE]
	at org.springframework.web.filter.OncePerRequestFilter.doFilter(OncePerRequestFilter.java:119) [spring-web-5.2.8.RELEASE.jar:5.2.8.RELEASE]
	at org.apache.catalina.core.ApplicationFilterChain.internalDoFilter(ApplicationFilterChain.java:193) [tomcat-embed-core-9.0.37.jar:9.0.37]
	at org.apache.catalina.core.ApplicationFilterChain.doFilter(ApplicationFilterChain.java:166) [tomcat-embed-core-9.0.37.jar:9.0.37]
	at org.apache.catalina.core.StandardWrapperValve.invoke(StandardWrapperValve.java:202) [tomcat-embed-core-9.0.37.jar:9.0.37]
	at org.apache.catalina.core.StandardContextValve.invoke(StandardContextValve.java:96) [tomcat-embed-core-9.0.37.jar:9.0.37]
	at org.apache.catalina.authenticator.AuthenticatorBase.invoke(AuthenticatorBase.java:541) [tomcat-embed-core-9.0.37.jar:9.0.37]
	at org.apache.catalina.core.StandardHostValve.invoke(StandardHostValve.java:139) [tomcat-embed-core-9.0.37.jar:9.0.37]
	at org.apache.catalina.valves.ErrorReportValve.invoke(ErrorReportValve.java:92) [tomcat-embed-core-9.0.37.jar:9.0.37]
	at org.apache.catalina.core.StandardEngineValve.invoke(StandardEngineValve.java:74) [tomcat-embed-core-9.0.37.jar:9.0.37]
	at org.apache.catalina.connector.CoyoteAdapter.service(CoyoteAdapter.java:343) [tomcat-embed-core-9.0.37.jar:9.0.37]
	at org.apache.coyote.http11.Http11Processor.service(Http11Processor.java:373) [tomcat-embed-core-9.0.37.jar:9.0.37]
	at org.apache.coyote.AbstractProcessorLight.process(AbstractProcessorLight.java:65) [tomcat-embed-core-9.0.37.jar:9.0.37]
	at org.apache.coyote.AbstractProtocol$ConnectionHandler.process(AbstractProtocol.java:868) [tomcat-embed-core-9.0.37.jar:9.0.37]
	at org.apache.tomcat.util.net.NioEndpoint$SocketProcessor.doRun(NioEndpoint.java:1589) [tomcat-embed-core-9.0.37.jar:9.0.37]
	at org.apache.tomcat.util.net.SocketProcessorBase.run(SocketProcessorBase.java:49) [tomcat-embed-core-9.0.37.jar:9.0.37]
	at java.util.concurrent.ThreadPoolExecutor.runWorker(ThreadPoolExecutor.java:1149) [na:1.8.0_261]
	at java.util.concurrent.ThreadPoolExecutor$Worker.run(ThreadPoolExecutor.java:624) [na:1.8.0_261]
	at org.apache.tomcat.util.threads.TaskThread$WrappingRunnable.run(TaskThread.java:61) [tomcat-embed-core-9.0.37.jar:9.0.37]
	at java.lang.Thread.run(Thread.java:748) [na:1.8.0_261]
Caused by: org.attoparser.ParseException: (Line = 56, Column = 29) Incomplete structure: "<div class="form-group>
								<label>User Role:</label>
							</div>
								<div class="form-group form-text-box">
									<input type="text" value="Admin" class="form-control">
								</div>
                            </div>		
                            
                            <table id="bootstrap-data-table" class="table table-striped table-bordered">
								
                                    <thead>
                                        <tr>
                                            <th>No</th>
                                            <th style="width:80%">Menu Lists</th>                                                                                                                                
                                            <!-- <th colspan="2">Action</th> -->
                                        </tr>
                                    </thead>
                                    <tbody>
                                    	<tr>
                                            <td>1</td>
                                            <td>Staff</td>
                                            <!-- <td><a href="#"><i class="menu-icon fa fa-pencil"></i></a></td> -->
                                        </tr>
                                        <tr>
                                            <td>2</td>
                                            <td>Team</td>
                                            <!-- <td><a href="#"><i class="menu-icon fa fa-pencil"></i></a></td> -->
                                        </tr>
                                        <tr>
                                            <td>3</td>
                                            <td>Department</td>
                                            <!-- <td><a href="#"><i class="menu-icon fa fa-pencil"></i></a></td> -->
                                        </tr>
                                        <tr>
                                            <td>4</td>
                                            <td>Project></td>
                                            <!-- <td><a href="#"><i class="menu-icon fa fa-pencil"></i></a></td> -->
                                        </tr>
                                        <tr>
                                            <td>5</td>
                                            <td>Evaluation Criteria</td>
                                            <!-- <td><a href="#"><i class="menu-icon fa fa-pencil"></i></a></td> -->
                                        </tr>
                                        <tr>
                                            <td>6</td>
                                            <td>Improvement Type</td>
                                            <!-- <td><a href="#"><i class="menu-icon fa fa-pencil"></i></a></td> -->
                                        </tr>
                                        
                                        
                                    </tbody>
                                </table>
                            <div class="card-body"></div>
                        </div>
                    </div>
                </div>
                <!--  /Form -->
                
            </div>
            <!-- .animated -->
        </div>
        <!-- /.content -->


		<div class="clearfix"></div>

		<!-- add footer fragment -->
		<footer th:replace="common/master_template :: footer-fragment">
		</footer>

	</div>
	<!-- right panel end -->

	<!-- Scripts -->
	<script src="../js/jquery.min.js"></script>
	<script src="../js/popper.min.js"></script>
	<script src="../js/bootstrap.min.js"></script>
	<script src="../js/jquery.matchHeight.min.js"></script>
	<script src="../js/main.js"></script>

	<!--  Chart js -->
	<script type="text/javascript">
		$(document).ready(function() {
			$('#bootstrap-data-table-export').DataTable();
		});
	</script>
</body>
</html>
"
	at org.attoparser.MarkupParser.parseDocument(MarkupParser.java:366) ~[attoparser-2.0.5.RELEASE.jar:2.0.5.RELEASE]
	at org.attoparser.MarkupParser.parse(MarkupParser.java:257) ~[attoparser-2.0.5.RELEASE.jar:2.0.5.RELEASE]
	at org.thymeleaf.templateparser.markup.AbstractMarkupTemplateParser.parse(AbstractMarkupTemplateParser.java:230) ~[thymeleaf-3.0.11.RELEASE.jar:3.0.11.RELEASE]
	... 52 common frames omitted

2020-10-08 02:54:45.181 ERROR 29764 --- [http-nio-8080-exec-5] o.a.c.c.C.[.[.[/].[dispatcherServlet]    : Servlet.service() for servlet [dispatcherServlet] in context with path [] threw exception [Request processing failed; nested exception is org.thymeleaf.exceptions.TemplateInputException: An error happened during template parsing (template: "class path resource [templates/admin/userrolepermission_lists.html]" - line 56, col 29)] with root cause

org.attoparser.ParseException: (Line = 56, Column = 29) Incomplete structure: "<div class="form-group>
								<label>User Role:</label>
							</div>
								<div class="form-group form-text-box">
									<input type="text" value="Admin" class="form-control">
								</div>
                            </div>		
                            
                            <table id="bootstrap-data-table" class="table table-striped table-bordered">
								
                                    <thead>
                                        <tr>
                                            <th>No</th>
                                            <th style="width:80%">Menu Lists</th>                                                                                                                                
                                            <!-- <th colspan="2">Action</th> -->
                                        </tr>
                                    </thead>
                                    <tbody>
                                    	<tr>
                                            <td>1</td>
                                            <td>Staff</td>
                                            <!-- <td><a href="#"><i class="menu-icon fa fa-pencil"></i></a></td> -->
                                        </tr>
                                        <tr>
                                            <td>2</td>
                                            <td>Team</td>
                                            <!-- <td><a href="#"><i class="menu-icon fa fa-pencil"></i></a></td> -->
                                        </tr>
                                        <tr>
                                            <td>3</td>
                                            <td>Department</td>
                                            <!-- <td><a href="#"><i class="menu-icon fa fa-pencil"></i></a></td> -->
                                        </tr>
                                        <tr>
                                            <td>4</td>
                                            <td>Project></td>
                                            <!-- <td><a href="#"><i class="menu-icon fa fa-pencil"></i></a></td> -->
                                        </tr>
                                        <tr>
                                            <td>5</td>
                                            <td>Evaluation Criteria</td>
                                            <!-- <td><a href="#"><i class="menu-icon fa fa-pencil"></i></a></td> -->
                                        </tr>
                                        <tr>
                                            <td>6</td>
                                            <td>Improvement Type</td>
                                            <!-- <td><a href="#"><i class="menu-icon fa fa-pencil"></i></a></td> -->
                                        </tr>
                                        
                                        
                                    </tbody>
                                </table>
                            <div class="card-body"></div>
                        </div>
                    </div>
                </div>
                <!--  /Form -->
                
            </div>
            <!-- .animated -->
        </div>
        <!-- /.content -->


		<div class="clearfix"></div>

		<!-- add footer fragment -->
		<footer th:replace="common/master_template :: footer-fragment">
		</footer>

	</div>
	<!-- right panel end -->

	<!-- Scripts -->
	<script src="../js/jquery.min.js"></script>
	<script src="../js/popper.min.js"></script>
	<script src="../js/bootstrap.min.js"></script>
	<script src="../js/jquery.matchHeight.min.js"></script>
	<script src="../js/main.js"></script>

	<!--  Chart js -->
	<script type="text/javascript">
		$(document).ready(function() {
			$('#bootstrap-data-table-export').DataTable();
		});
	</script>
</body>
</html>
"
	at org.attoparser.MarkupParser.parseDocument(MarkupParser.java:366) ~[attoparser-2.0.5.RELEASE.jar:2.0.5.RELEASE]
	at org.attoparser.MarkupParser.parse(MarkupParser.java:257) ~[attoparser-2.0.5.RELEASE.jar:2.0.5.RELEASE]
	at org.thymeleaf.templateparser.markup.AbstractMarkupTemplateParser.parse(AbstractMarkupTemplateParser.java:230) ~[thymeleaf-3.0.11.RELEASE.jar:3.0.11.RELEASE]
	at org.thymeleaf.templateparser.markup.AbstractMarkupTemplateParser.parseStandalone(AbstractMarkupTemplateParser.java:100) ~[thymeleaf-3.0.11.RELEASE.jar:3.0.11.RELEASE]
	at org.thymeleaf.engine.TemplateManager.parseAndProcess(TemplateManager.java:666) ~[thymeleaf-3.0.11.RELEASE.jar:3.0.11.RELEASE]
	at org.thymeleaf.TemplateEngine.process(TemplateEngine.java:1098) ~[thymeleaf-3.0.11.RELEASE.jar:3.0.11.RELEASE]
	at org.thymeleaf.TemplateEngine.process(TemplateEngine.java:1072) ~[thymeleaf-3.0.11.RELEASE.jar:3.0.11.RELEASE]
	at org.thymeleaf.spring5.view.ThymeleafView.renderFragment(ThymeleafView.java:362) ~[thymeleaf-spring5-3.0.11.RELEASE.jar:3.0.11.RELEASE]
	at org.thymeleaf.spring5.view.ThymeleafView.render(ThymeleafView.java:189) ~[thymeleaf-spring5-3.0.11.RELEASE.jar:3.0.11.RELEASE]
	at org.springframework.web.servlet.DispatcherServlet.render(DispatcherServlet.java:1373) ~[spring-webmvc-5.2.8.RELEASE.jar:5.2.8.RELEASE]
	at org.springframework.web.servlet.DispatcherServlet.processDispatchResult(DispatcherServlet.java:1118) ~[spring-webmvc-5.2.8.RELEASE.jar:5.2.8.RELEASE]
	at org.springframework.web.servlet.DispatcherServlet.doDispatch(DispatcherServlet.java:1057) ~[spring-webmvc-5.2.8.RELEASE.jar:5.2.8.RELEASE]
	at org.springframework.web.servlet.DispatcherServlet.doService(DispatcherServlet.java:943) ~[spring-webmvc-5.2.8.RELEASE.jar:5.2.8.RELEASE]
	at org.springframework.web.servlet.FrameworkServlet.processRequest(FrameworkServlet.java:1006) ~[spring-webmvc-5.2.8.RELEASE.jar:5.2.8.RELEASE]
	at org.springframework.web.servlet.FrameworkServlet.doGet(FrameworkServlet.java:898) ~[spring-webmvc-5.2.8.RELEASE.jar:5.2.8.RELEASE]
	at javax.servlet.http.HttpServlet.service(HttpServlet.java:626) ~[tomcat-embed-core-9.0.37.jar:4.0.FR]
	at org.springframework.web.servlet.FrameworkServlet.service(FrameworkServlet.java:883) ~[spring-webmvc-5.2.8.RELEASE.jar:5.2.8.RELEASE]
	at javax.servlet.http.HttpServlet.service(HttpServlet.java:733) ~[tomcat-embed-core-9.0.37.jar:4.0.FR]
	at org.apache.catalina.core.ApplicationFilterChain.internalDoFilter(ApplicationFilterChain.java:231) ~[tomcat-embed-core-9.0.37.jar:9.0.37]
	at org.apache.catalina.core.ApplicationFilterChain.doFilter(ApplicationFilterChain.java:166) ~[tomcat-embed-core-9.0.37.jar:9.0.37]
	at org.apache.tomcat.websocket.server.WsFilter.doFilter(WsFilter.java:53) ~[tomcat-embed-websocket-9.0.37.jar:9.0.37]
	at org.apache.catalina.core.ApplicationFilterChain.internalDoFilter(ApplicationFilterChain.java:193) ~[tomcat-embed-core-9.0.37.jar:9.0.37]
	at org.apache.catalina.core.ApplicationFilterChain.doFilter(ApplicationFilterChain.java:166) ~[tomcat-embed-core-9.0.37.jar:9.0.37]
	at org.springframework.web.filter.RequestContextFilter.doFilterInternal(RequestContextFilter.java:100) ~[spring-web-5.2.8.RELEASE.jar:5.2.8.RELEASE]
	at org.springframework.web.filter.OncePerRequestFilter.doFilter(OncePerRequestFilter.java:119) ~[spring-web-5.2.8.RELEASE.jar:5.2.8.RELEASE]
	at org.apache.catalina.core.ApplicationFilterChain.internalDoFilter(ApplicationFilterChain.java:193) ~[tomcat-embed-core-9.0.37.jar:9.0.37]
	at org.apache.catalina.core.ApplicationFilterChain.doFilter(ApplicationFilterChain.java:166) ~[tomcat-embed-core-9.0.37.jar:9.0.37]
	at org.springframework.web.filter.FormContentFilter.doFilterInternal(FormContentFilter.java:93) ~[spring-web-5.2.8.RELEASE.jar:5.2.8.RELEASE]
	at org.springframework.web.filter.OncePerRequestFilter.doFilter(OncePerRequestFilter.java:119) ~[spring-web-5.2.8.RELEASE.jar:5.2.8.RELEASE]
	at org.apache.catalina.core.ApplicationFilterChain.internalDoFilter(ApplicationFilterChain.java:193) ~[tomcat-embed-core-9.0.37.jar:9.0.37]
	at org.apache.catalina.core.ApplicationFilterChain.doFilter(ApplicationFilterChain.java:166) ~[tomcat-embed-core-9.0.37.jar:9.0.37]
	at org.springframework.boot.actuate.metrics.web.servlet.WebMvcMetricsFilter.doFilterInternal(WebMvcMetricsFilter.java:93) ~[spring-boot-actuator-2.3.3.RELEASE.jar:2.3.3.RELEASE]
	at org.springframework.web.filter.OncePerRequestFilter.doFilter(OncePerRequestFilter.java:119) ~[spring-web-5.2.8.RELEASE.jar:5.2.8.RELEASE]
	at org.apache.catalina.core.ApplicationFilterChain.internalDoFilter(ApplicationFilterChain.java:193) ~[tomcat-embed-core-9.0.37.jar:9.0.37]
	at org.apache.catalina.core.ApplicationFilterChain.doFilter(ApplicationFilterChain.java:166) ~[tomcat-embed-core-9.0.37.jar:9.0.37]
	at org.springframework.web.filter.CharacterEncodingFilter.doFilterInternal(CharacterEncodingFilter.java:201) ~[spring-web-5.2.8.RELEASE.jar:5.2.8.RELEASE]
	at org.springframework.web.filter.OncePerRequestFilter.doFilter(OncePerRequestFilter.java:119) ~[spring-web-5.2.8.RELEASE.jar:5.2.8.RELEASE]
	at org.apache.catalina.core.ApplicationFilterChain.internalDoFilter(ApplicationFilterChain.java:193) ~[tomcat-embed-core-9.0.37.jar:9.0.37]
	at org.apache.catalina.core.ApplicationFilterChain.doFilter(ApplicationFilterChain.java:166) ~[tomcat-embed-core-9.0.37.jar:9.0.37]
	at org.apache.catalina.core.StandardWrapperValve.invoke(StandardWrapperValve.java:202) ~[tomcat-embed-core-9.0.37.jar:9.0.37]
	at org.apache.catalina.core.StandardContextValve.invoke(StandardContextValve.java:96) [tomcat-embed-core-9.0.37.jar:9.0.37]
	at org.apache.catalina.authenticator.AuthenticatorBase.invoke(AuthenticatorBase.java:541) [tomcat-embed-core-9.0.37.jar:9.0.37]
	at org.apache.catalina.core.StandardHostValve.invoke(StandardHostValve.java:139) [tomcat-embed-core-9.0.37.jar:9.0.37]
	at org.apache.catalina.valves.ErrorReportValve.invoke(ErrorReportValve.java:92) [tomcat-embed-core-9.0.37.jar:9.0.37]
	at org.apache.catalina.core.StandardEngineValve.invoke(StandardEngineValve.java:74) [tomcat-embed-core-9.0.37.jar:9.0.37]
	at org.apache.catalina.connector.CoyoteAdapter.service(CoyoteAdapter.java:343) [tomcat-embed-core-9.0.37.jar:9.0.37]
	at org.apache.coyote.http11.Http11Processor.service(Http11Processor.java:373) [tomcat-embed-core-9.0.37.jar:9.0.37]
	at org.apache.coyote.AbstractProcessorLight.process(AbstractProcessorLight.java:65) [tomcat-embed-core-9.0.37.jar:9.0.37]
	at org.apache.coyote.AbstractProtocol$ConnectionHandler.process(AbstractProtocol.java:868) [tomcat-embed-core-9.0.37.jar:9.0.37]
	at org.apache.tomcat.util.net.NioEndpoint$SocketProcessor.doRun(NioEndpoint.java:1589) [tomcat-embed-core-9.0.37.jar:9.0.37]
	at org.apache.tomcat.util.net.SocketProcessorBase.run(SocketProcessorBase.java:49) [tomcat-embed-core-9.0.37.jar:9.0.37]
	at java.util.concurrent.ThreadPoolExecutor.runWorker(ThreadPoolExecutor.java:1149) [na:1.8.0_261]
	at java.util.concurrent.ThreadPoolExecutor$Worker.run(ThreadPoolExecutor.java:624) [na:1.8.0_261]
	at org.apache.tomcat.util.threads.TaskThread$WrappingRunnable.run(TaskThread.java:61) [tomcat-embed-core-9.0.37.jar:9.0.37]
	at java.lang.Thread.run(Thread.java:748) [na:1.8.0_261]

